<?xml version="1.0" encoding="UTF-8"?>
<testsuite name="com.order.orm.dao.OrderDaoTest" tests="4" skipped="0" failures="0" errors="0" timestamp="2016-06-27T18:08:08" hostname="USABOS147426L" time="0.165">
  <properties/>
  <testcase name="testGetOrderLines" classname="com.order.orm.dao.OrderDaoTest" time="0.126"/>
  <testcase name="testGetOrder" classname="com.order.orm.dao.OrderDaoTest" time="0.002"/>
  <testcase name="testCreateOrder" classname="com.order.orm.dao.OrderDaoTest" time="0.033"/>
  <testcase name="testGetAllOrders" classname="com.order.orm.dao.OrderDaoTest" time="0.001"/>
  <system-out><![CDATA[]]></system-out>
  <system-err><![CDATA[]]></system-err>
</testsuite>
