<?xml version="1.0" encoding="UTF-8"?>
<testsuite name="com.jab.PocApplicationTests" tests="1" skipped="0" failures="0" errors="0" timestamp="2016-06-27T18:08:04" hostname="USABOS147426L" time="0.006">
  <properties/>
  <testcase name="contextLoads" classname="com.jab.PocApplicationTests" time="0.006"/>
  <system-out><![CDATA[11:07:55,013 |-INFO in ch.qos.logback.classic.LoggerContext[default] - Could NOT find resource [logback.groovy]
11:07:55,014 |-INFO in ch.qos.logback.classic.LoggerContext[default] - Could NOT find resource [logback-test.xml]
11:07:55,014 |-INFO in ch.qos.logback.classic.LoggerContext[default] - Found resource [logback.xml] at [file:/D:/Gap/apps/samples/order-new/order-app/build/resources/main/logback.xml]
11:07:55,103 |-INFO in ch.qos.logback.classic.joran.action.ConfigurationAction - debug attribute not set
11:07:55,144 |-INFO in ch.qos.logback.core.joran.util.ConfigurationWatchListUtil@172aa4c5 - Adding [jar:file:/C:/Users/sysadmin/.gradle/caches/modules-2/files-2.1/org.springframework.boot/spring-boot/1.3.5.RELEASE/b218ba5f3bd01e657fbde9b085722da1fafa4f8a/spring-boot-1.3.5.RELEASE.jar!/org/springframework/boot/logging/logback/base.xml] to configuration watch list.
11:07:55,144 |-INFO in ch.qos.logback.core.joran.spi.ConfigurationWatchList@77031a64 - URL [jar:file:/C:/Users/sysadmin/.gradle/caches/modules-2/files-2.1/org.springframework.boot/spring-boot/1.3.5.RELEASE/b218ba5f3bd01e657fbde9b085722da1fafa4f8a/spring-boot-1.3.5.RELEASE.jar!/org/springframework/boot/logging/logback/base.xml] is not of type file
11:07:55,149 |-INFO in ch.qos.logback.core.joran.util.ConfigurationWatchListUtil@172aa4c5 - Adding [jar:file:/C:/Users/sysadmin/.gradle/caches/modules-2/files-2.1/org.springframework.boot/spring-boot/1.3.5.RELEASE/b218ba5f3bd01e657fbde9b085722da1fafa4f8a/spring-boot-1.3.5.RELEASE.jar!/org/springframework/boot/logging/logback/defaults.xml] to configuration watch list.
11:07:55,149 |-INFO in ch.qos.logback.core.joran.spi.ConfigurationWatchList@77031a64 - URL [jar:file:/C:/Users/sysadmin/.gradle/caches/modules-2/files-2.1/org.springframework.boot/spring-boot/1.3.5.RELEASE/b218ba5f3bd01e657fbde9b085722da1fafa4f8a/spring-boot-1.3.5.RELEASE.jar!/org/springframework/boot/logging/logback/defaults.xml] is not of type file
11:07:55,153 |-INFO in ch.qos.logback.core.joran.action.ConversionRuleAction - registering conversion word clr with class [org.springframework.boot.logging.logback.ColorConverter]
11:07:55,153 |-INFO in ch.qos.logback.core.joran.action.ConversionRuleAction - registering conversion word wex with class [org.springframework.boot.logging.logback.WhitespaceThrowableProxyConverter]
11:07:55,153 |-INFO in ch.qos.logback.core.joran.action.ConversionRuleAction - registering conversion word wEx with class [org.springframework.boot.logging.logback.ExtendedWhitespaceThrowableProxyConverter]
11:07:55,163 |-INFO in ch.qos.logback.core.joran.action.AppenderAction - About to instantiate appender of type [org.springframework.boot.logging.logback.LevelRemappingAppender]
11:07:55,171 |-INFO in ch.qos.logback.core.joran.action.AppenderAction - Naming appender as [DEBUG_LEVEL_REMAPPER]
11:07:55,192 |-INFO in ch.qos.logback.classic.joran.action.LoggerAction - Setting level of logger [org.apache.catalina.startup.DigesterFactory] to ERROR
11:07:55,192 |-INFO in ch.qos.logback.classic.joran.action.LoggerAction - Setting level of logger [org.apache.catalina.util.LifecycleBase] to ERROR
11:07:55,192 |-INFO in ch.qos.logback.classic.joran.action.LoggerAction - Setting level of logger [org.apache.coyote.http11.Http11NioProtocol] to WARN
11:07:55,192 |-INFO in ch.qos.logback.classic.joran.action.LoggerAction - Setting level of logger [org.apache.sshd.common.util.SecurityUtils] to WARN
11:07:55,193 |-INFO in ch.qos.logback.classic.joran.action.LoggerAction - Setting level of logger [org.apache.tomcat.util.net.NioSelectorPool] to WARN
11:07:55,193 |-INFO in ch.qos.logback.classic.joran.action.LoggerAction - Setting level of logger [org.crsh.plugin] to WARN
11:07:55,193 |-INFO in ch.qos.logback.classic.joran.action.LoggerAction - Setting level of logger [org.crsh.ssh] to WARN
11:07:55,193 |-INFO in ch.qos.logback.classic.joran.action.LoggerAction - Setting level of logger [org.eclipse.jetty.util.component.AbstractLifeCycle] to ERROR
11:07:55,193 |-INFO in ch.qos.logback.classic.joran.action.LoggerAction - Setting level of logger [org.hibernate.validator.internal.util.Version] to WARN
11:07:55,193 |-INFO in ch.qos.logback.classic.joran.action.LoggerAction - Setting level of logger [org.springframework.boot.actuate.autoconfigure.CrshAutoConfiguration] to WARN
11:07:55,193 |-INFO in ch.qos.logback.classic.joran.action.LoggerAction - Setting additivity of logger [org.springframework.boot.actuate.endpoint.jmx] to false
11:07:55,193 |-INFO in ch.qos.logback.core.joran.action.AppenderRefAction - Attaching appender named [DEBUG_LEVEL_REMAPPER] to Logger[org.springframework.boot.actuate.endpoint.jmx]
11:07:55,195 |-INFO in ch.qos.logback.classic.joran.action.LoggerAction - Setting additivity of logger [org.thymeleaf] to false
11:07:55,195 |-INFO in ch.qos.logback.core.joran.action.AppenderRefAction - Attaching appender named [DEBUG_LEVEL_REMAPPER] to Logger[org.thymeleaf]
11:07:55,197 |-INFO in ch.qos.logback.core.joran.util.ConfigurationWatchListUtil@172aa4c5 - Adding [jar:file:/C:/Users/sysadmin/.gradle/caches/modules-2/files-2.1/org.springframework.boot/spring-boot/1.3.5.RELEASE/b218ba5f3bd01e657fbde9b085722da1fafa4f8a/spring-boot-1.3.5.RELEASE.jar!/org/springframework/boot/logging/logback/console-appender.xml] to configuration watch list.
11:07:55,197 |-INFO in ch.qos.logback.core.joran.spi.ConfigurationWatchList@77031a64 - URL [jar:file:/C:/Users/sysadmin/.gradle/caches/modules-2/files-2.1/org.springframework.boot/spring-boot/1.3.5.RELEASE/b218ba5f3bd01e657fbde9b085722da1fafa4f8a/spring-boot-1.3.5.RELEASE.jar!/org/springframework/boot/logging/logback/console-appender.xml] is not of type file
11:07:55,204 |-INFO in ch.qos.logback.core.joran.action.AppenderAction - About to instantiate appender of type [ch.qos.logback.core.ConsoleAppender]
11:07:55,225 |-INFO in ch.qos.logback.core.joran.action.AppenderAction - Naming appender as [CONSOLE]
11:07:55,227 |-INFO in ch.qos.logback.core.joran.action.NestedComplexPropertyIA - Assuming default type [ch.qos.logback.classic.encoder.PatternLayoutEncoder] for [encoder] property
11:07:55,296 |-INFO in ch.qos.logback.core.joran.util.ConfigurationWatchListUtil@172aa4c5 - Adding [jar:file:/C:/Users/sysadmin/.gradle/caches/modules-2/files-2.1/org.springframework.boot/spring-boot/1.3.5.RELEASE/b218ba5f3bd01e657fbde9b085722da1fafa4f8a/spring-boot-1.3.5.RELEASE.jar!/org/springframework/boot/logging/logback/file-appender.xml] to configuration watch list.
11:07:55,296 |-INFO in ch.qos.logback.core.joran.spi.ConfigurationWatchList@77031a64 - URL [jar:file:/C:/Users/sysadmin/.gradle/caches/modules-2/files-2.1/org.springframework.boot/spring-boot/1.3.5.RELEASE/b218ba5f3bd01e657fbde9b085722da1fafa4f8a/spring-boot-1.3.5.RELEASE.jar!/org/springframework/boot/logging/logback/file-appender.xml] is not of type file
11:07:55,297 |-INFO in ch.qos.logback.core.joran.action.AppenderAction - About to instantiate appender of type [ch.qos.logback.core.rolling.RollingFileAppender]
11:07:55,300 |-INFO in ch.qos.logback.core.joran.action.AppenderAction - Naming appender as [FILE]
11:07:55,301 |-INFO in ch.qos.logback.core.joran.action.NestedComplexPropertyIA - Assuming default type [ch.qos.logback.classic.encoder.PatternLayoutEncoder] for [encoder] property
11:07:55,310 |-INFO in ch.qos.logback.core.rolling.FixedWindowRollingPolicy@4916fdcb - No compression will be used
11:07:55,315 |-INFO in ch.qos.logback.core.rolling.RollingFileAppender[FILE] - Active log file name: C:\Users\sysadmin\AppData\Local\Temp\/spring.log
11:07:55,315 |-INFO in ch.qos.logback.core.rolling.RollingFileAppender[FILE] - File property is set to [C:\Users\sysadmin\AppData\Local\Temp\/spring.log]
11:07:55,317 |-INFO in ch.qos.logback.classic.joran.action.RootLoggerAction - Setting level of ROOT logger to INFO
11:07:55,317 |-INFO in ch.qos.logback.core.joran.action.AppenderRefAction - Attaching appender named [CONSOLE] to Logger[ROOT]
11:07:55,317 |-INFO in ch.qos.logback.core.joran.action.AppenderRefAction - Attaching appender named [FILE] to Logger[ROOT]
11:07:55,317 |-INFO in ch.qos.logback.classic.joran.action.LoggerAction - Setting level of logger [sample.logback] to DEBUG
11:07:55,317 |-INFO in ch.qos.logback.classic.joran.action.LoggerAction - Setting level of logger [sample.logback] to ERROR
11:07:55,317 |-INFO in ch.qos.logback.classic.joran.action.LoggerAction - Setting level of logger [sample.logback] to INFO
11:07:55,319 |-ERROR in ch.qos.logback.core.joran.spi.Interpreter@7:32 - no applicable action for [springProfile], current ElementPath  is [[configuration][springProfile]]
11:07:55,319 |-ERROR in ch.qos.logback.core.joran.spi.Interpreter@8:49 - no applicable action for [logger], current ElementPath  is [[configuration][springProfile][logger]]
11:07:55,319 |-INFO in ch.qos.logback.classic.joran.action.ConfigurationAction - End of configuration.
11:07:55,320 |-INFO in ch.qos.logback.classic.joran.JoranConfigurator@74aa733a - Registering current configuration as safe fallback point

2016-06-27 11:07:55.422  INFO   --- [    Test worker] o.s.t.c.support.AbstractContextLoader    : Could not detect default resource locations for test class [com.jab.PocApplicationTests]: no resource found for suffixes {-context.xml, Context.groovy}.
2016-06-27 11:07:55.443  INFO   --- [    Test worker] o.s.t.c.web.WebTestContextBootstrapper   : Loaded default TestExecutionListener class names from location [META-INF/spring.factories]: [org.springframework.test.context.web.ServletTestExecutionListener, org.springframework.test.context.support.DirtiesContextBeforeModesTestExecutionListener, org.springframework.test.context.support.DependencyInjectionTestExecutionListener, org.springframework.test.context.support.DirtiesContextTestExecutionListener, org.springframework.test.context.transaction.TransactionalTestExecutionListener, org.springframework.test.context.jdbc.SqlScriptsTestExecutionListener]
2016-06-27 11:07:55.464  INFO   --- [    Test worker] o.s.t.c.web.WebTestContextBootstrapper   : Using TestExecutionListeners: [org.springframework.test.context.web.ServletTestExecutionListener@57e137df, org.springframework.test.context.support.DirtiesContextBeforeModesTestExecutionListener@5711e37a, org.springframework.test.context.support.DependencyInjectionTestExecutionListener@6fb4429e, org.springframework.test.context.support.DirtiesContextTestExecutionListener@784faee4, org.springframework.test.context.transaction.TransactionalTestExecutionListener@264e21fd, org.springframework.test.context.jdbc.SqlScriptsTestExecutionListener@7e9c0c7d]

  .   ____          _            __ _ _
 /\\ / ___'_ __ _ _(_)_ __  __ _ \ \ \ \
( ( )\___ | '_ | '_| | '_ \/ _` | \ \ \ \
 \\/  ___)| |_)| | | | | || (_| |  ) ) ) )
  '  |____| .__|_| |_|_| |_\__, | / / / /
 =========|_|==============|___/=/_/_/_/
 :: Spring Boot ::        (v1.3.5.RELEASE)

2016-06-27 11:07:56.029  INFO 9152 --- [    Test worker] com.jab.PocApplicationTests              : Starting PocApplicationTests on USABOS147426L with PID 9152 (D:\Gap\apps\samples\order-new\order-app\build\classes\test started by sysadmin in D:\Gap\apps\samples\order-new\order-app)
2016-06-27 11:07:56.031  INFO 9152 --- [    Test worker] com.jab.PocApplicationTests              : No active profile set, falling back to default profiles: default
2016-06-27 11:07:56.190  INFO 9152 --- [    Test worker] o.s.w.c.s.GenericWebApplicationContext   : Refreshing org.springframework.web.context.support.GenericWebApplicationContext@17e8b21f: startup date [Mon Jun 27 11:07:56 PDT 2016]; root of context hierarchy
2016-06-27 11:07:58.442  INFO 9152 --- [    Test worker] o.s.b.f.config.PropertiesFactoryBean     : Loading properties file from URL [jar:file:/C:/Users/sysadmin/.gradle/caches/modules-2/files-2.1/org.springframework.integration/spring-integration-core/4.2.5.RELEASE/2e9624d73abb5a8acee3e71b3bb637bc913b37b8/spring-integration-core-4.2.5.RELEASE.jar!/META-INF/spring.integration.default.properties]
2016-06-27 11:07:58.447  INFO 9152 --- [    Test worker] o.s.i.config.IntegrationRegistrar        : No bean named 'integrationHeaderChannelRegistry' has been explicitly defined. Therefore, a default DefaultHeaderChannelRegistry will be created.
2016-06-27 11:07:58.813  INFO 9152 --- [    Test worker] faultConfiguringBeanFactoryPostProcessor : No bean named 'errorChannel' has been explicitly defined. Therefore, a default PublishSubscribeChannel will be created.
2016-06-27 11:07:58.825  INFO 9152 --- [    Test worker] faultConfiguringBeanFactoryPostProcessor : No bean named 'taskScheduler' has been explicitly defined. Therefore, a default ThreadPoolTaskScheduler will be created.
2016-06-27 11:07:59.031  INFO 9152 --- [    Test worker] trationDelegate$BeanPostProcessorChecker : Bean 'org.springframework.transaction.annotation.ProxyTransactionManagementConfiguration' of type [class org.springframework.transaction.annotation.ProxyTransactionManagementConfiguration$$EnhancerBySpringCGLIB$$6a86e38d] is not eligible for getting processed by all BeanPostProcessors (for example: not eligible for auto-proxying)
2016-06-27 11:07:59.193  INFO 9152 --- [    Test worker] o.s.j.d.e.EmbeddedDatabaseFactory        : Starting embedded database: url='jdbc:h2:mem:testdb;DB_CLOSE_DELAY=-1;DB_CLOSE_ON_EXIT=false', username='sa'
2016-06-27 11:07:59.435  INFO 9152 --- [    Test worker] o.s.jdbc.datasource.init.ScriptUtils     : Executing SQL script from class path resource [db/sql/create-table-order.sql]
2016-06-27 11:07:59.507  INFO 9152 --- [    Test worker] o.s.jdbc.datasource.init.ScriptUtils     : Executed SQL script from class path resource [db/sql/create-table-order.sql] in 71 ms.
2016-06-27 11:07:59.507  INFO 9152 --- [    Test worker] o.s.jdbc.datasource.init.ScriptUtils     : Executing SQL script from class path resource [db/sql/insert-order.sql]
2016-06-27 11:07:59.515  INFO 9152 --- [    Test worker] o.s.jdbc.datasource.init.ScriptUtils     : Executed SQL script from class path resource [db/sql/insert-order.sql] in 8 ms.
2016-06-27 11:08:01.059  INFO 9152 --- [    Test worker] s.w.s.m.m.a.RequestMappingHandlerMapping : Mapped "{[/greeting],methods=[GET]}" onto public com.order.common.entity.Greeting com.order.app.controller.GreetingController.greeting(java.lang.String)
2016-06-27 11:08:01.066  INFO 9152 --- [    Test worker] s.w.s.m.m.a.RequestMappingHandlerMapping : Mapped "{[/getOrder],methods=[GET],produces=[application/json]}" onto public org.springframework.http.ResponseEntity<com.order.common.entity.Order> com.order.app.controller.OrderManagementController.getOrder(java.lang.Long)
2016-06-27 11:08:01.068  INFO 9152 --- [    Test worker] s.w.s.m.m.a.RequestMappingHandlerMapping : Mapped "{[/createOrder],methods=[PUT],consumes=[application/json]}" onto public org.springframework.http.ResponseEntity<java.lang.Long> com.order.app.controller.OrderManagementController.createOrder(com.order.common.entity.Order)
2016-06-27 11:08:01.070  INFO 9152 --- [    Test worker] s.w.s.m.m.a.RequestMappingHandlerMapping : Mapped "{[/v2/api-docs],methods=[GET],produces=[application/json || application/hal+json]}" onto public org.springframework.http.ResponseEntity<springfox.documentation.spring.web.json.Json> springfox.documentation.swagger2.web.Swagger2Controller.getDocumentation(java.lang.String,javax.servlet.http.HttpServletRequest)
2016-06-27 11:08:01.074  INFO 9152 --- [    Test worker] s.w.s.m.m.a.RequestMappingHandlerMapping : Mapped "{[/configuration/ui]}" onto org.springframework.http.ResponseEntity<springfox.documentation.swagger.web.UiConfiguration> springfox.documentation.swagger.web.ApiResourceController.uiConfiguration()
2016-06-27 11:08:01.076  INFO 9152 --- [    Test worker] s.w.s.m.m.a.RequestMappingHandlerMapping : Mapped "{[/swagger-resources]}" onto org.springframework.http.ResponseEntity<java.util.List<springfox.documentation.swagger.web.SwaggerResource>> springfox.documentation.swagger.web.ApiResourceController.swaggerResources()
2016-06-27 11:08:01.083  INFO 9152 --- [    Test worker] s.w.s.m.m.a.RequestMappingHandlerMapping : Mapped "{[/configuration/security]}" onto org.springframework.http.ResponseEntity<springfox.documentation.swagger.web.SecurityConfiguration> springfox.documentation.swagger.web.ApiResourceController.securityConfiguration()
2016-06-27 11:08:01.091  INFO 9152 --- [    Test worker] s.w.s.m.m.a.RequestMappingHandlerMapping : Mapped "{[/error]}" onto public org.springframework.http.ResponseEntity<java.util.Map<java.lang.String, java.lang.Object>> org.springframework.boot.autoconfigure.web.BasicErrorController.error(javax.servlet.http.HttpServletRequest)
2016-06-27 11:08:01.092  INFO 9152 --- [    Test worker] s.w.s.m.m.a.RequestMappingHandlerMapping : Mapped "{[/error],produces=[text/html]}" onto public org.springframework.web.servlet.ModelAndView org.springframework.boot.autoconfigure.web.BasicErrorController.errorHtml(javax.servlet.http.HttpServletRequest,javax.servlet.http.HttpServletResponse)
2016-06-27 11:08:02.438  INFO 9152 --- [    Test worker] s.w.s.m.m.a.RequestMappingHandlerAdapter : Looking for @ControllerAdvice: org.springframework.web.context.support.GenericWebApplicationContext@17e8b21f: startup date [Mon Jun 27 11:07:56 PDT 2016]; root of context hierarchy
2016-06-27 11:08:02.545  INFO 9152 --- [    Test worker] o.s.w.s.handler.SimpleUrlHandlerMapping  : Mapped URL path [/webjars/**] onto handler of type [class org.springframework.web.servlet.resource.ResourceHttpRequestHandler]
2016-06-27 11:08:02.547  INFO 9152 --- [    Test worker] o.s.w.s.handler.SimpleUrlHandlerMapping  : Mapped URL path [/**] onto handler of type [class org.springframework.web.servlet.resource.ResourceHttpRequestHandler]
2016-06-27 11:08:02.667  INFO 9152 --- [    Test worker] o.s.w.s.handler.SimpleUrlHandlerMapping  : Mapped URL path [/**/favicon.ico] onto handler of type [class org.springframework.web.servlet.resource.ResourceHttpRequestHandler]
2016-06-27 11:08:02.896  INFO 9152 --- [    Test worker] o.s.b.f.config.PropertiesFactoryBean     : Loading properties file from URL [jar:file:/C:/Users/sysadmin/.gradle/caches/modules-2/files-2.1/org.springframework.integration/spring-integration-core/4.2.5.RELEASE/2e9624d73abb5a8acee3e71b3bb637bc913b37b8/spring-integration-core-4.2.5.RELEASE.jar!/META-INF/spring.integration.default.properties]
2016-06-27 11:08:03.237  INFO 9152 --- [    Test worker] o.s.s.c.ThreadPoolTaskScheduler          : Initializing ExecutorService  'taskScheduler'
2016-06-27 11:08:03.510  INFO 9152 --- [    Test worker] o.s.c.support.DefaultLifecycleProcessor  : Starting beans in phase 0
2016-06-27 11:08:03.512  INFO 9152 --- [    Test worker] o.s.i.endpoint.EventDrivenConsumer       : Adding {logging-channel-adapter:_org.springframework.integration.errorLogger} as a subscriber to the 'errorChannel' channel
2016-06-27 11:08:03.514  INFO 9152 --- [    Test worker] o.s.i.channel.PublishSubscribeChannel    : Channel 'application:-1.errorChannel' has 1 subscriber(s).
2016-06-27 11:08:03.515  INFO 9152 --- [    Test worker] o.s.i.endpoint.EventDrivenConsumer       : started _org.springframework.integration.errorLogger
2016-06-27 11:08:03.530  INFO 9152 --- [    Test worker] d.s.w.p.DocumentationPluginsBootstrapper : Context refreshed
2016-06-27 11:08:03.577  INFO 9152 --- [    Test worker] d.s.w.p.DocumentationPluginsBootstrapper : Found 1 custom documentation plugin(s)
2016-06-27 11:08:03.603  INFO 9152 --- [    Test worker] s.d.s.w.s.ApiListingReferenceScanner     : Scanning for api listing references
2016-06-27 11:08:04.150  INFO 9152 --- [    Test worker] com.jab.PocApplicationTests              : Started PocApplicationTests in 8.544 seconds (JVM running for 10.277)
]]></system-out>
  <system-err><![CDATA[]]></system-err>
</testsuite>
